[I 2025-07-16 22:12:24,757] Trial 49 finished with value: 0.09094907472151433 and parameters: {'learning_rate': 0.04775833848944746, 'num_leaves': 122, 'max_depth': 10, 'subsample': 0.8937448164669705, 'colsample_bytree': 0.9023655603001166, 'lambda_l1': 0.000415665051139899, 'lambda_l2': 0.6903842012107089}. Best is trial 43 with value: 0.08880077578304693.
2025-07-16 22:12:24 | >> Optuna 탐색 완료. 최적 파라미터: {'learning_rate': 0.04845469194234621, 'num_leaves': 144, 'max_depth': 8, 'subsample': 0.8938403306460838, 'colsample_bytree': 0.9052149751115536, 'lambda_l1': 0.0006942733015019326, 'lambda_l2': 7.884614491006601e-05, 'objective': 'regression_l1', 'metric': 'rmse', 'n_estimators': 2000, 'verbosity': -1, 'seed': 42}
2025-07-16 22:12:24 | >> [7단계 완료] 하이퍼파라미터 최적화 성공.
2025-07-16 22:12:24 | >> 표준 출력 및 오류를 로그 파일로 리디렉션 시작
2025-07-16 22:12:24 | >> [8단계 시작] 최적 파라미터로 Stratified K-Fold 교차 검증 및 모델 학습을 시작합니다...
2025-07-16 22:12:24 | >> K-Fold 설정 완료. 5-Fold 교차 검증을 시작합니다.
2025-07-16 22:12:24 | --- [Fold 1/5] 학습 시작 ---
2025-07-16 22:13:00 | ✅ Fold 1 Log-RMSE: 0.0904
2025-07-16 22:13:00 | --- [Fold 2/5] 학습 시작 ---
2025-07-16 22:13:36 | ✅ Fold 2 Log-RMSE: 0.0904
2025-07-16 22:13:36 | --- [Fold 3/5] 학습 시작 ---
2025-07-16 22:14:12 | ✅ Fold 3 Log-RMSE: 0.0925
2025-07-16 22:14:12 | --- [Fold 4/5] 학습 시작 ---
2025-07-16 22:14:58 | ✅ Fold 4 Log-RMSE: 0.0906
2025-07-16 22:14:58 | --- [Fold 5/5] 학습 시작 ---
2025-07-16 22:15:33 | ✅ Fold 5 Log-RMSE: 0.0917
2025-07-16 22:15:34 | -------------------------------------------
2025-07-16 22:15:34 | ✅ 최종 CV 평균 Log-RMSE: 0.0911
2025-07-16 22:15:34 | -------------------------------------------
2025-07-16 22:15:34 | >> [8단계 완료] 모든 모델 학습 및 평가 성공.
2025-07-16 22:15:34 | >> 표준 출력 및 오류 리디렉션 중지
2025-07-16 22:15:34 | >> [9단계 시작] 모델 결과 시각화 및 분석을 시작합니다...
2025-07-16 22:15:34 | >> 1. 피처 중요도 시각화 중...
2025-07-16 22:15:34 | >> 피처 중요도 시각화 완료.
2025-07-16 22:15:34 | >> 2. 실제 값 vs OOF 예측 값 비교 시각화 중...
2025-07-16 22:15:35 | >> 실제 값 vs OOF 예측 값 비교 시각화 완료.
2025-07-16 22:15:35 | >> 3. 잔차 분포 확인 시각화 중...
2025-07-16 22:15:37 | >> 잔차 분포 확인 시각화 완료.
2025-07-16 22:15:37 | >> 4. 학습/테스트 데이터 예측 분포 비교 시각화 중...
2025-07-16 22:15:39 | >> 학습/테스트 데이터 예측 분포 비교 시각화 완료.
2025-07-16 22:15:39 | >> 5. SHAP 분석 시작 (계산에 시간이 다소 소요될 수 있습니다)...
2025-07-16 22:15:45 | >> SHAP 요약 플롯 생성 중...
2025-07-16 22:15:45 | >> SHAP 분석 완료.
2025-07-16 22:15:45 | >> [9단계 완료] 시각화 및 분석 완료.
2025-07-16 22:15:45 | >> [10단계 시작] 최종 제출 파일 생성을 시작합니다...
2025-07-16 22:15:45 | >> 전체 훈련 데이터로 최종 모델 학습 시작...
2025-07-16 22:16:19 | >> 최종 모델 학습 완료.
2025-07-16 22:16:19 | >> 모델 저장 완료: ../../model/price_prediction_4_model.pkl
2025-07-16 22:16:19 | >> 'target' 컬럼만 포함된 제출 파일을 생성합니다.
2025-07-16 22:16:19 | >> 제출 파일 생성 완료: ../../data/processed/submissions/price_prediction_4_submission.csv
2025-07-16 22:16:19 | >> 모델링 종료
2025-07-16 22:16:19 | ==================================================
2025-07-16 22:22:33 | >> 시각화 결과가 저장될 경로: ../../images/price_prediction_4
2025-07-16 22:24:50 | >> 시각화 결과가 저장될 경로: ../../images/price_prediction_4
2025-07-16 22:24:50 | >> [9단계 시작] 모델 결과 시각화 및 분석 파일 저장을 시작합니다...
2025-07-16 22:24:50 | >> 1. 피처 중요도 이미지 저장 중...
2025-07-16 22:24:50 | >> 피처 중요도 이미지 저장 완료.
2025-07-16 22:24:50 | >> 2. 실제 값 vs OOF 예측 값 비교 이미지 저장 중...
2025-07-16 22:24:52 | >> 실제 값 vs OOF 예측 값 비교 이미지 저장 완료.
2025-07-16 22:24:52 | >> 3. 잔차 분포 확인 이미지 저장 중...
2025-07-16 22:24:54 | >> 잔차 분포 확인 이미지 저장 완료.
2025-07-16 22:24:54 | >> 4. OOF 예측과 테스트 예측의 분포 비교 이미지 저장 중...
2025-07-16 22:24:56 | >> OOF 예측과 테스트 예측의 분포 비교 이미지 저장 완료.
2025-07-16 22:24:56 | >> 5. 주요 피처 간 상관관계 히트맵 이미지 저장 중...
2025-07-16 22:24:57 | >> 피처 간 상관관계 히트맵 이미지 저장 완료.
2025-07-16 22:24:57 | >> 6. 잔차 vs 예측값 플롯 이미지 저장 중...
2025-07-16 22:24:59 | >> 잔차 vs 예측값 플롯 이미지 저장 완료.
2025-07-16 22:24:59 | >> 7. 주요 피처와 타겟 변수 관계 이미지 저장 중...
2025-07-16 22:25:00 | >> 주요 피처와 타겟 변수 관계 이미지 저장 완료.
2025-07-16 22:25:00 | >> 8. SHAP 요약 플롯 분석 및 저장 중...
2025-07-16 22:25:10 | >> SHAP 요약 플롯 저장 완료.
2025-07-16 22:25:10 | >> 9. SHAP 의존성 플롯 저장 중...
2025-07-16 22:25:11 | >> SHAP 의존성 플롯 저장 완료.
2025-07-16 22:25:11 | >> 10. 학습 곡선 이미지 저장 중...
2025-07-16 22:25:11 | >> [오류] 시각화 및 분석 파일 저장 중 문제가 발생했습니다: lightgbm.sklearn.LGBMRegressor() got multiple values for keyword argument 'verbosity'
2025-07-16 22:26:50 | >> 시각화 결과가 저장될 경로: ../../images/price_prediction_4
2025-07-16 22:26:50 | >> [9단계 시작] 모델 결과 시각화 및 분석 파일 저장을 시작합니다...
2025-07-16 22:26:50 | >> 1. 피처 중요도 이미지 저장 중...
2025-07-16 22:26:50 | >> 피처 중요도 이미지 저장 완료.
2025-07-16 22:26:50 | >> 2. 실제 값 vs OOF 예측 값 비교 이미지 저장 중...
2025-07-16 22:26:52 | >> 실제 값 vs OOF 예측 값 비교 이미지 저장 완료.
2025-07-16 22:26:52 | >> 3. 잔차 분포 확인 이미지 저장 중...
2025-07-16 22:26:54 | >> 잔차 분포 확인 이미지 저장 완료.
2025-07-16 22:26:54 | >> 4. OOF 예측과 테스트 예측의 분포 비교 이미지 저장 중...
2025-07-16 22:26:56 | >> OOF 예측과 테스트 예측의 분포 비교 이미지 저장 완료.
2025-07-16 22:26:56 | >> 5. 주요 피처 간 상관관계 히트맵 이미지 저장 중...
2025-07-16 22:26:57 | >> 피처 간 상관관계 히트맵 이미지 저장 완료.
2025-07-16 22:26:57 | >> 6. 잔차 vs 예측값 플롯 이미지 저장 중...
2025-07-16 22:26:59 | >> 잔차 vs 예측값 플롯 이미지 저장 완료.
2025-07-16 22:26:59 | >> 7. 주요 피처와 타겟 변수 관계 이미지 저장 중...
2025-07-16 22:27:00 | >> 주요 피처와 타겟 변수 관계 이미지 저장 완료.
2025-07-16 22:27:00 | >> 8. SHAP 요약 플롯 분석 및 저장 중...
2025-07-16 22:27:10 | >> SHAP 요약 플롯 저장 완료.
2025-07-16 22:27:10 | >> 9. SHAP 의존성 플롯 저장 중...
2025-07-16 22:27:11 | >> SHAP 의존성 플롯 저장 완료.
2025-07-16 22:27:11 | >> 10. 학습 곡선 이미지 저장 중...
