2025-07-16 12:32:14 | ==================================================
2025-07-16 12:32:14 | >> 아파트 가격 예측 모델링 시작
2025-07-16 12:32:14 | >> [1-3단계 완료] 라이브러리, 경로, 로거 초기화 성공
2025-07-16 12:32:14 | >> [4단계 시작] 데이터 로드 중...
2025-07-16 12:32:15 | >> 데이터 로드 및 병합 완료.
2025-07-16 12:32:15 | >> [5-1단계 시작] Target 변수 로그 변환을 시작합니다...
2025-07-16 12:32:16 | >> Target 변수 로그 변환 완료.
2025-07-16 12:32:16 | >> [5-2단계 시작] 고급 피처 엔지니어링 및 데이터 분리를 시작합니다...
2025-07-16 12:32:16 | >> 1. Train/Test 데이터 분리 완료.
2025-07-16 12:32:16 | >> 2. 시간 관련 피처 생성 완료.
2025-07-16 12:32:17 | >> 3. 면적당 가격 관련 피처 생성 및 병합 완료.
2025-07-16 12:32:17 | >> 4. 상호작용 특성 생성 완료.
2025-07-16 12:32:17 | >> 5. 테스트 데이터 결측치 처리 완료.
2025-07-16 12:32:17 | >> 6. 피처/타겟 정의 완료.
2025-07-16 12:32:18 | >> 7. 범주형 피처 Label Encoding 완료.
2025-07-16 12:32:18 | >> [5단계 완료] 모든 피처 엔지니어링 및 데이터 분리 성공.
2025-07-16 12:32:18 | >> [6단계 시작] 피처 선택을 위한 사전 모델 학습을 시작합니다...
2025-07-16 12:32:25 | >> 피처 선택 완료. 제외된 피처 개수: 10개
2025-07-16 12:32:25 | >> 최종 학습에 사용될 피처 개수: 28개
2025-07-16 12:32:25 | >> [6단계 완료] 피처 선택 성공.
[I 2025-07-16 12:34:44,991] Trial 0 finished with value: 0.13329695695414967 and parameters: {'learning_rate': 0.022314296399696062, 'num_leaves': 58, 'max_depth': 19, 'subsample': 0.7388919014855037, 'colsample_bytree': 0.8029680016218791, 'lambda_l1': 1.6521823202421009, 'lambda_l2': 0.9749758906115705}. Best is trial 0 with value: 0.13329695695414967.
[I 2025-07-16 12:38:43,600] Trial 1 finished with value: 0.10622468018141654 and parameters: {'learning_rate': 0.04431680841559567, 'num_leaves': 101, 'max_depth': 20, 'subsample': 0.7076194463387638, 'colsample_bytree': 0.7725285266806374, 'lambda_l1': 0.000463159103991119, 'lambda_l2': 0.13479311151048406}. Best is trial 1 with value: 0.10622468018141654.
[I 2025-07-16 12:42:54,966] Trial 2 finished with value: 0.11014869075327542 and parameters: {'learning_rate': 0.030883915237362565, 'num_leaves': 121, 'max_depth': 15, 'subsample': 0.8961270032636638, 'colsample_bytree': 0.706247565523789, 'lambda_l1': 0.0033121000201410985, 'lambda_l2': 0.0004436270301430251}. Best is trial 1 with value: 0.10622468018141654.
[I 2025-07-16 12:44:34,530] Trial 3 finished with value: 0.14634135203892004 and parameters: {'learning_rate': 0.01680612121318178, 'num_leaves': 45, 'max_depth': 11, 'subsample': 0.9360568394231451, 'colsample_bytree': 0.8680823301883156, 'lambda_l1': 0.046979098227338305, 'lambda_l2': 2.5465796911988985e-05}. Best is trial 1 with value: 0.10622468018141654.
[I 2025-07-16 12:47:15,337] Trial 4 finished with value: 0.13171596031721464 and parameters: {'learning_rate': 0.020582730393959955, 'num_leaves': 67, 'max_depth': 13, 'subsample': 0.8779778222309014, 'colsample_bytree': 0.9627765415033027, 'lambda_l1': 0.0001733761904490114, 'lambda_l2': 7.334993900994503}. Best is trial 1 with value: 0.10622468018141654.
[I 2025-07-16 12:50:46,386] Trial 5 finished with value: 0.12054450174432514 and parameters: {'learning_rate': 0.027967506501390876, 'num_leaves': 81, 'max_depth': 20, 'subsample': 0.7391541754139187, 'colsample_bytree': 0.7624656409354664, 'lambda_l1': 0.00010762724121960899, 'lambda_l2': 0.00951466735484277}. Best is trial 1 with value: 0.10622468018141654.
[I 2025-07-16 12:57:16,126] Trial 6 finished with value: 0.09965216561605113 and parameters: {'learning_rate': 0.04629297320493844, 'num_leaves': 142, 'max_depth': 23, 'subsample': 0.845793030575499, 'colsample_bytree': 0.801725153745262, 'lambda_l1': 1.1716240445164967, 'lambda_l2': 0.031175891814309704}. Best is trial 6 with value: 0.09965216561605113.
[I 2025-07-16 13:00:41,804] Trial 7 finished with value: 0.14251489846426174 and parameters: {'learning_rate': 0.011673088670652306, 'num_leaves': 79, 'max_depth': 22, 'subsample': 0.8643915963603829, 'colsample_bytree': 0.8770896259024012, 'lambda_l1': 0.113501128477852, 'lambda_l2': 4.121569466978306}. Best is trial 6 with value: 0.09965216561605113.
[I 2025-07-16 13:04:09,942] Trial 8 finished with value: 0.12185149587843394 and parameters: {'learning_rate': 0.04320508611447599, 'num_leaves': 49, 'max_depth': 17, 'subsample': 0.7544337928374925, 'colsample_bytree': 0.7343248485956158, 'lambda_l1': 0.009290399356983283, 'lambda_l2': 6.650648574940606}. Best is trial 6 with value: 0.09965216561605113.
[I 2025-07-16 13:10:18,372] Trial 9 finished with value: 0.10431430440731417 and parameters: {'learning_rate': 0.04108169678744348, 'num_leaves': 122, 'max_depth': 10, 'subsample': 0.853264992289869, 'colsample_bytree': 0.8460619570470285, 'lambda_l1': 0.002094596973243446, 'lambda_l2': 5.525160052929051}. Best is trial 6 with value: 0.09965216561605113.
[I 2025-07-16 13:17:16,842] Trial 10 finished with value: 0.09945710119188507 and parameters: {'learning_rate': 0.04930828222745592, 'num_leaves': 143, 'max_depth': 25, 'subsample': 0.9952268288974468, 'colsample_bytree': 0.934256610716944, 'lambda_l1': 5.538912766931985, 'lambda_l2': 0.011043052362577946}. Best is trial 10 with value: 0.09945710119188507.
[I 2025-07-16 13:24:43,819] Trial 11 finished with value: 0.09879974268625796 and parameters: {'learning_rate': 0.04911162790991467, 'num_leaves': 146, 'max_depth': 25, 'subsample': 0.9994918265430616, 'colsample_bytree': 0.9612406206171312, 'lambda_l1': 8.77875535563201, 'lambda_l2': 0.016163792694210255}. Best is trial 11 with value: 0.09879974268625796.
[I 2025-07-16 13:32:00,823] Trial 12 finished with value: 0.10266775851338174 and parameters: {'learning_rate': 0.037401550069664356, 'num_leaves': 147, 'max_depth': 25, 'subsample': 0.9996419684230434, 'colsample_bytree': 0.9931456986725894, 'lambda_l1': 7.729525864838323, 'lambda_l2': 0.0028005383741908263}. Best is trial 11 with value: 0.09879974268625796.
[I 2025-07-16 13:38:53,526] Trial 13 finished with value: 0.10143876402672938 and parameters: {'learning_rate': 0.04749033613695218, 'num_leaves': 126, 'max_depth': 25, 'subsample': 0.9944949649248165, 'colsample_bytree': 0.9349343898852523, 'lambda_l1': 8.476865801196315, 'lambda_l2': 0.0008610826835489463}. Best is trial 11 with value: 0.09879974268625796.
[I 2025-07-16 13:44:37,739] Trial 14 finished with value: 0.10991898782463981 and parameters: {'learning_rate': 0.036328453812965567, 'num_leaves': 105, 'max_depth': 7, 'subsample': 0.9514313178761553, 'colsample_bytree': 0.9166417938624476, 'lambda_l1': 0.505499310651814, 'lambda_l2': 0.10375550587386315}. Best is trial 11 with value: 0.09879974268625796.
[I 2025-07-16 13:47:54,202] Trial 15 finished with value: 0.13015301302797402 and parameters: {'learning_rate': 0.04944448871226345, 'num_leaves': 30, 'max_depth': 23, 'subsample': 0.9505817591474557, 'colsample_bytree': 0.9982967522040299, 'lambda_l1': 0.21968657056676172, 'lambda_l2': 0.00026290014795103645}. Best is trial 11 with value: 0.09879974268625796.
[I 2025-07-16 13:54:19,041] Trial 16 finished with value: 0.10423460238462873 and parameters: {'learning_rate': 0.03816377598719576, 'num_leaves': 136, 'max_depth': 25, 'subsample': 0.80525686214019, 'colsample_bytree': 0.9104483497344045, 'lambda_l1': 1.1050419987987878e-05, 'lambda_l2': 0.010157820895059167}. Best is trial 11 with value: 0.09879974268625796.
[I 2025-07-16 13:59:57,442] Trial 17 finished with value: 0.11150643672895788 and parameters: {'learning_rate': 0.03228867126240702, 'num_leaves': 108, 'max_depth': 17, 'subsample': 0.9171439966219147, 'colsample_bytree': 0.9560184076610194, 'lambda_l1': 3.9312341212561126, 'lambda_l2': 0.3172857493042801}. Best is trial 11 with value: 0.09879974268625796.
[I 2025-07-16 14:07:49,685] Trial 18 finished with value: 0.09852512626708351 and parameters: {'learning_rate': 0.0496276226008565, 'num_leaves': 149, 'max_depth': 22, 'subsample': 0.9706675612383434, 'colsample_bytree': 0.9010718228977181, 'lambda_l1': 0.06408718500855946, 'lambda_l2': 7.012506517343319e-05}. Best is trial 18 with value: 0.09852512626708351.
[I 2025-07-16 14:14:26,870] Trial 19 finished with value: 0.10355661402281556 and parameters: {'learning_rate': 0.040647629131979314, 'num_leaves': 131, 'max_depth': 22, 'subsample': 0.9685218607685042, 'colsample_bytree': 0.8936585150401938, 'lambda_l1': 0.03954246962511412, 'lambda_l2': 4.9079469968446675e-05}. Best is trial 18 with value: 0.09852512626708351.
[I 2025-07-16 14:20:28,637] Trial 20 finished with value: 0.11020123554019555 and parameters: {'learning_rate': 0.03394249454934535, 'num_leaves': 112, 'max_depth': 19, 'subsample': 0.8163750761985871, 'colsample_bytree': 0.8331820383490105, 'lambda_l1': 0.019692371220568588, 'lambda_l2': 1.0507108843314e-05}. Best is trial 18 with value: 0.09852512626708351.
[I 2025-07-16 14:28:40,281] Trial 21 finished with value: 0.09927613459712196 and parameters: {'learning_rate': 0.04962708536859718, 'num_leaves': 137, 'max_depth': 23, 'subsample': 0.975749443747351, 'colsample_bytree': 0.9508366855773327, 'lambda_l1': 1.406182958737649, 'lambda_l2': 0.002375642770050263}. Best is trial 18 with value: 0.09852512626708351.
[I 2025-07-16 14:36:02,962] Trial 22 finished with value: 0.10005782935257951 and parameters: {'learning_rate': 0.04424123387146854, 'num_leaves': 148, 'max_depth': 22, 'subsample': 0.9645802412596767, 'colsample_bytree': 0.9657151070113594, 'lambda_l1': 0.7022228280707291, 'lambda_l2': 9.87863393781339e-05}. Best is trial 18 with value: 0.09852512626708351.
[I 2025-07-16 14:43:58,736] Trial 23 finished with value: 0.09829903789434016 and parameters: {'learning_rate': 0.04977122244782723, 'num_leaves': 150, 'max_depth': 23, 'subsample': 0.9127657237531466, 'colsample_bytree': 0.9368031657373941, 'lambda_l1': 0.1908145261515367, 'lambda_l2': 0.001203492944550388}. Best is trial 23 with value: 0.09829903789434016.
[I 2025-07-16 14:51:47,323] Trial 24 finished with value: 0.09943022627269607 and parameters: {'learning_rate': 0.046258657454062976, 'num_leaves': 149, 'max_depth': 21, 'subsample': 0.9134489298386794, 'colsample_bytree': 0.908379207474606, 'lambda_l1': 0.13669630927780207, 'lambda_l2': 0.00012639575303169037}. Best is trial 23 with value: 0.09829903789434016.
[I 2025-07-16 14:58:17,058] Trial 25 finished with value: 0.11142527005226775 and parameters: {'learning_rate': 0.026864385643167146, 'num_leaves': 129, 'max_depth': 24, 'subsample': 0.9273984758881888, 'colsample_bytree': 0.8805699897034329, 'lambda_l1': 0.32115589608223727, 'lambda_l2': 0.0016744600183963437}. Best is trial 23 with value: 0.09829903789434016.
[I 2025-07-16 15:03:46,763] Trial 26 finished with value: 0.1106366992056275 and parameters: {'learning_rate': 0.040907357953350626, 'num_leaves': 92, 'max_depth': 18, 'subsample': 0.8941935213448652, 'colsample_bytree': 0.9755407243643297, 'lambda_l1': 0.006417287979312133, 'lambda_l2': 0.0278452200913859}. Best is trial 23 with value: 0.09829903789434016.
[I 2025-07-16 15:10:41,799] Trial 27 finished with value: 0.10309451638237209 and parameters: {'learning_rate': 0.0458166655333399, 'num_leaves': 117, 'max_depth': 15, 'subsample': 0.938771332861752, 'colsample_bytree': 0.9340213886137999, 'lambda_l1': 0.056981598120043365, 'lambda_l2': 0.0004123928765591189}. Best is trial 23 with value: 0.09829903789434016.
[I 2025-07-16 15:18:15,759] Trial 28 finished with value: 0.1019118533871207 and parameters: {'learning_rate': 0.04218983329824948, 'num_leaves': 136, 'max_depth': 21, 'subsample': 0.9721715195597435, 'colsample_bytree': 0.8990577231787009, 'lambda_l1': 0.001098482502087711, 'lambda_l2': 0.004581302505058925}. Best is trial 23 with value: 0.09829903789434016.
[I 2025-07-16 15:25:46,484] Trial 29 finished with value: 0.09966881383587471 and parameters: {'learning_rate': 0.048333246021647534, 'num_leaves': 136, 'max_depth': 19, 'subsample': 0.9028157003942933, 'colsample_bytree': 0.8327394180741747, 'lambda_l1': 3.169910504519917, 'lambda_l2': 0.0008628039785197271}. Best is trial 23 with value: 0.09829903789434016.
2025-07-16 15:25:46 | >> Optuna 탐색 완료. 최적 파라미터: {'learning_rate': 0.04977122244782723, 'num_leaves': 150, 'max_depth': 23, 'subsample': 0.9127657237531466, 'colsample_bytree': 0.9368031657373941, 'lambda_l1': 0.1908145261515367, 'lambda_l2': 0.001203492944550388, 'objective': 'regression_l1', 'metric': 'rmse', 'n_estimators': 2000, 'verbosity': -1, 'seed': 42, 'device': 'cuda'}
2025-07-16 15:25:46 | >> [7단계 완료] 하이퍼파라미터 최적화 성공.
2025-07-16 15:25:46 | >> 표준 출력 및 오류를 로그 파일로 리디렉션 시작
2025-07-16 15:25:46 | >> [8단계 시작] 최적 파라미터로 Stratified K-Fold 교차 검증 및 모델 학습을 시작합니다...
2025-07-16 15:25:46 | >> K-Fold 설정 완료. 5-Fold 교차 검증을 시작합니다.
2025-07-16 15:25:46 | --- [Fold 1/5] 학습 시작 ---
2025-07-16 15:41:51 | ✅ Fold 1 Log-RMSE: 0.0875
2025-07-16 15:41:51 | --- [Fold 2/5] 학습 시작 ---
2025-07-16 15:59:07 | ✅ Fold 2 Log-RMSE: 0.0874
2025-07-16 15:59:07 | --- [Fold 3/5] 학습 시작 ---
2025-07-16 16:16:54 | ✅ Fold 3 Log-RMSE: 0.0891
2025-07-16 16:16:54 | --- [Fold 4/5] 학습 시작 ---
2025-07-16 16:35:26 | ✅ Fold 4 Log-RMSE: 0.0879
2025-07-16 16:35:26 | --- [Fold 5/5] 학습 시작 ---
2025-07-16 16:55:07 | ✅ Fold 5 Log-RMSE: 0.0886
2025-07-16 16:55:08 | -------------------------------------------
2025-07-16 16:55:08 | ✅ 최종 CV 평균 Log-RMSE: 0.0881
2025-07-16 16:55:08 | -------------------------------------------
2025-07-16 16:55:08 | >> [8단계 완료] 모든 모델 학습 및 평가 성공.
2025-07-16 16:55:08 | >> 표준 출력 및 오류 리디렉션 중지
2025-07-16 16:55:08 | >> [9단계 시작] 모델 결과 시각화 및 분석을 시작합니다...
2025-07-16 16:55:08 | >> 1. 피처 중요도 시각화 중...
2025-07-16 16:55:08 | >> 피처 중요도 시각화 완료.
2025-07-16 16:55:08 | >> 2. 실제 값 vs OOF 예측 값 비교 시각화 중...
2025-07-16 16:55:09 | >> 실제 값 vs OOF 예측 값 비교 시각화 완료.
2025-07-16 16:55:09 | >> 3. 잔차 분포 확인 시각화 중...
2025-07-16 16:55:11 | >> 잔차 분포 확인 시각화 완료.
2025-07-16 16:55:11 | >> 4. 학습/테스트 데이터 예측 분포 비교 시각화 중...
2025-07-16 16:55:13 | >> 학습/테스트 데이터 예측 분포 비교 시각화 완료.
2025-07-16 16:55:13 | >> 5. SHAP 분석 시작 (계산에 시간이 다소 소요될 수 있습니다)...
2025-07-16 16:55:13 | >> [오류] 시각화 및 분석 중 문제가 발생했습니다: name 'shap' is not defined
2025-07-16 16:55:13 | >> [10단계 시작] 최종 제출 파일 생성을 시작합니다...
2025-07-16 16:55:13 | >> 전체 훈련 데이터로 최종 모델 학습 시작...
2025-07-16 17:12:24 | >> 최종 모델 학습 완료.
2025-07-16 17:12:24 | >> 모델 저장 완료: ../../model/price_prediction_5_model.pkl
2025-07-16 17:12:24 | >> 'target' 컬럼만 포함된 제출 파일을 생성합니다.
2025-07-16 17:12:24 | >> 제출 파일 생성 완료: ../../data/processed/submissions/price_prediction_5_submission.csv
2025-07-16 17:12:24 | >> 모델링 종료
2025-07-16 17:12:24 | ==================================================
2025-07-16 19:06:01 | >> [9단계 시작] 모델 결과 시각화 및 분석을 시작합니다...
2025-07-16 19:06:01 | >> 1. 피처 중요도 시각화 중...
2025-07-16 19:06:01 | >> 피처 중요도 시각화 완료.
2025-07-16 19:06:01 | >> 2. 실제 값 vs OOF 예측 값 비교 시각화 중...
2025-07-16 19:06:02 | >> 실제 값 vs OOF 예측 값 비교 시각화 완료.
2025-07-16 19:06:02 | >> 3. 잔차 분포 확인 시각화 중...
2025-07-16 19:06:04 | >> 잔차 분포 확인 시각화 완료.
2025-07-16 19:06:04 | >> 4. 학습/테스트 데이터 예측 분포 비교 시각화 중...
2025-07-16 19:06:06 | >> 학습/테스트 데이터 예측 분포 비교 시각화 완료.
2025-07-16 19:06:06 | >> 5. SHAP 분석 시작 (계산에 시간이 다소 소요될 수 있습니다)...
2025-07-16 19:06:17 | >> SHAP 요약 플롯 생성 중...
2025-07-16 19:06:17 | >> SHAP 분석 완료.
2025-07-16 19:06:17 | >> [9단계 완료] 시각화 및 분석 완료.
2025-07-16 19:10:02 | >> [9단계 시작] 모델 결과 시각화 및 분석을 시작합니다...
2025-07-16 19:10:02 | >> 1. 피처 중요도 시각화 중...
2025-07-16 19:10:02 | >> 피처 중요도 시각화 완료.
2025-07-16 19:10:02 | >> 2. 실제 값 vs OOF 예측 값 비교 시각화 중...
2025-07-16 19:10:04 | >> 실제 값 vs OOF 예측 값 비교 시각화 완료.
2025-07-16 19:10:04 | >> 3. 잔차 분포 확인 시각화 중...
2025-07-16 19:10:06 | >> 잔차 분포 확인 시각화 완료.
2025-07-16 19:10:06 | >> 4. 학습/테스트 데이터 예측 분포 비교 시각화 중...
2025-07-16 19:10:08 | >> 학습/테스트 데이터 예측 분포 비교 시각화 완료.
2025-07-16 19:10:08 | >> 5. 주요 피처 간 상관관계 히트맵 시각화 중...
2025-07-16 19:10:09 | >> 피처 간 상관관계 히트맵 시각화 완료.
2025-07-16 19:10:09 | >> 6. 잔차 vs 예측값 플롯 시각화 중...
2025-07-16 19:10:10 | >> 잔차 vs 예측값 플롯 시각화 완료.
2025-07-16 19:10:10 | >> 7. 주요 피처와 타겟 변수 관계 시각화 중...
2025-07-16 19:10:11 | >> 주요 피처와 타겟 변수 관계 시각화 완료.
2025-07-16 19:10:11 | >> 8. SHAP 요약 플롯 분석 시작 (계산에 시간이 다소 소요될 수 있습니다)...
